[22:25:31] [main/INFO] (FabricLoader/GameProvider) Loading Minecraft 1.20.1 with Fabric Loader 0.14.24
[22:25:31] [main/DEBUG] (FabricLoader/GamePatch) Found game constructor: net.minecraft.client.main.Main -> net.minecraft.client.MinecraftClient
[22:25:31] [main/DEBUG] (FabricLoader/GamePatch) Patching game constructor <init>(Lnet/minecraft/client/RunArgs;)V
[22:25:31] [main/DEBUG] (FabricLoader/GamePatch) Run directory field is thought to be net/minecraft/client/MinecraftClient/runDirectory
[22:25:31] [main/DEBUG] (FabricLoader/GamePatch) Applying brand name hook to net/minecraft/client/ClientBrandRetriever::getClientModName
[22:25:31] [main/DEBUG] (FabricLoader/GamePatch) Applying brand name hook to net/minecraft/server/MinecraftServer::getServerModName
[22:25:32] [main/DEBUG] (FabricLoader/Mappings) Loading mappings took 107 ms
[22:25:32] [main/DEBUG] (FabricLoader/GamePatch) Patched 3 classs
[22:25:32] [ForkJoinPool-1-worker-2/WARN] (FabricLoader/Metadata) Mod watersource uses the version ${version} which isn't compatible with Loader's extended semantic version format (Could not parse version number component '${version}'!), SemVer is recommended for reliably evaluating dependencies and prioritizing newer version
[22:25:32] [main/DEBUG] (FabricLoader/Discovery) Mod discovery time: 43.6 ms
[22:25:32] [main/WARN] (FabricLoader/Resolution) Mod resolution failed
[22:25:32] [main/INFO] (FabricLoader/Resolution) Immediate reason: [HARD_DEP_NO_CANDIDATE watersource ${version} {depends fabricloader @ [>=0.15.7]}, ROOT_FORCELOAD_SINGLE watersource ${version}]
[22:25:32] [main/INFO] (FabricLoader/Resolution) Reason: [HARD_DEP watersource ${version} {depends fabricloader @ [>=0.15.7]}, HARD_DEP watersource ${version} {depends fabric-language-kotlin @ [>=1.9.22]}]
[22:25:32] [main/INFO] (FabricLoader/Resolution) Fix: add [add:fabric-language-kotlin 1.9.22 ([[1.9.22,¡Þ)])], remove [], replace [[fabricloader 0.14.24] -> add:fabricloader 0.15.7 ([[0.15.7,¡Þ)])]
[22:25:32] [main/ERROR] (FabricLoader) Incompatible mods found!
net.fabricmc.loader.impl.FormattedException: Some of your mods are incompatible with the game or each other!
A potential solution has been determined, this may resolve your problem:
	 - Install fabric-language-kotlin, version 1.9.22 or later.
	 - Replace mod 'Fabric Loader' (fabricloader) 0.14.24 with version 0.15.7 or later.
More details:
	 - Mod 'Water Source' (watersource) ${version} requires version 0.15.7 or later of mod 'Fabric Loader' (fabricloader), but only the wrong version is present: 0.14.24!
	 - Mod 'Water Source' (watersource) ${version} requires version 1.9.22 or later of fabric-language-kotlin, which is missing!
	at net.fabricmc.loader.impl.FormattedException.ofLocalized(FormattedException.java:51) ~[fabric-loader-0.14.24.jar:?]
	at net.fabricmc.loader.impl.FabricLoaderImpl.load(FabricLoaderImpl.java:194) ~[fabric-loader-0.14.24.jar:?]
	at net.fabricmc.loader.impl.launch.knot.Knot.init(Knot.java:146) ~[fabric-loader-0.14.24.jar:?]
	at net.fabricmc.loader.impl.launch.knot.Knot.launch(Knot.java:68) ~[fabric-loader-0.14.24.jar:?]
	at net.fabricmc.loader.impl.launch.knot.KnotClient.main(KnotClient.java:23) ~[fabric-loader-0.14.24.jar:?]
	at net.fabricmc.devlaunchinjector.Main.main(Main.java:86) ~[?:?]
